\BOOKMARK [0][-]{section*.1}{\315ndice general}{}% 1
\BOOKMARK [0][-]{section*.2}{\315ndice de figuras}{}% 2
\BOOKMARK [0][-]{section*.3}{\315ndice de tablas}{}% 3
\BOOKMARK [0][-]{chapter.1}{Introducci\363n}{}% 4
\BOOKMARK [1][-]{section.1.1}{Motivaci\363n}{chapter.1}% 5
\BOOKMARK [1][-]{section.1.2}{Objetivos}{chapter.1}% 6
\BOOKMARK [1][-]{section.1.3}{Estructura de la memoria}{chapter.1}% 7
\BOOKMARK [0][-]{chapter.2}{Estado del arte}{}% 8
\BOOKMARK [1][-]{section.2.1}{\277Qu\351 son los microservicios?}{chapter.2}% 9
\BOOKMARK [1][-]{section.2.2}{Ventajas del desarrollo de software basado en microservicios}{chapter.2}% 10
\BOOKMARK [1][-]{section.2.3}{Inconvenientes del desarrollo de software basado en microservicios}{chapter.2}% 11
\BOOKMARK [1][-]{section.2.4}{Los microservicios dentro del ciclo de vida del software}{chapter.2}% 12
\BOOKMARK [2][-]{subsection.2.4.1}{Fase de an\341lisis de requisitos}{section.2.4}% 13
\BOOKMARK [2][-]{subsection.2.4.2}{Fase de dise\361o}{section.2.4}% 14
\BOOKMARK [2][-]{subsection.2.4.3}{Fase de implementaci\363n}{section.2.4}% 15
\BOOKMARK [2][-]{subsection.2.4.4}{Fase de pruebas}{section.2.4}% 16
\BOOKMARK [2][-]{subsection.2.4.5}{Fase de despliegue}{section.2.4}% 17
\BOOKMARK [2][-]{subsection.2.4.6}{Fase de mantenimiento}{section.2.4}% 18
\BOOKMARK [0][-]{chapter.3}{Conclusiones}{}% 19
\BOOKMARK [0][-]{chapter*.4}{Bibliograf\355a}{}% 20
\BOOKMARK [0][-]{appendix.Alph1}{Configuraci\363n del sistema}{}% 21
\BOOKMARK [1][-]{section.Alph1.1}{Fase de inicializaci\363n}{appendix.Alph1}% 22
